%!Adobe-FontList 1.22
%Locale:0x409

%BeginFont
Handler:DirectoryHandler
FontType:Invalid
OutlineFileName:C:\Users\Julio\Dropbox\Zola\Toyota\Face animation\Font\prestolight-webfont.css
FileModTime:1617803397
%EndFont

%BeginFont
Handler:DirectoryHandler
FontType:Invalid
OutlineFileName:C:\Users\Julio\Dropbox\Zola\Toyota\Face animation\Font\prestolight-webfont.woff
FileModTime:1617803239
%EndFont

%BeginFont
Handler:DirectoryHandler
FontType:Invalid
OutlineFileName:C:\Users\Julio\Dropbox\Zola\Toyota\Face animation\Font\prestolight-webfont.woff2
FileModTime:1617803239
%EndFont

